2017-11-03 13:47:36,897 DEBUG [com.aimir.fep.util.FMPProperty.<clinit>(FMPProperty.java:43)]  - Properties file path : D:\Git-workspace\Aimir3.6_updated-workspace\aimir-fep\target\classes\config
2017-11-03 13:47:36,906 DEBUG [com.aimir.fep.util.FMPProperty.<clinit>(FMPProperty.java:46)]  - Properties loding... => [D:\Git-workspace\Aimir3.6_updated-workspace\aimir-fep\target\classes\config\fmp.properties]
2017-11-03 13:47:36,916 DEBUG [com.aimir.fep.util.FMPProperty.<clinit>(FMPProperty.java:46)]  - Properties loding... => [D:\Git-workspace\Aimir3.6_updated-workspace\aimir-fep\target\classes\config\fmp_auth.properties]
2017-11-03 13:47:36,917 DEBUG [com.aimir.fep.util.FMPProperty.<clinit>(FMPProperty.java:46)]  - Properties loding... => [D:\Git-workspace\Aimir3.6_updated-workspace\aimir-fep\target\classes\config\fmp_iot.properties]
2017-11-03 13:47:36,918 DEBUG [com.aimir.fep.util.FMPProperty.<clinit>(FMPProperty.java:46)]  - Properties loding... => [D:\Git-workspace\Aimir3.6_updated-workspace\aimir-fep\target\classes\config\fmp_jdbc.properties]
2017-11-03 13:47:36,918 DEBUG [com.aimir.fep.util.FMPProperty.<clinit>(FMPProperty.java:46)]  - Properties loding... => [D:\Git-workspace\Aimir3.6_updated-workspace\aimir-fep\target\classes\config\fmp_queue.properties]
2017-11-03 13:47:36,922 DEBUG [com.aimir.fep.util.FMPProperty.<clinit>(FMPProperty.java:46)]  - Properties loding... => [D:\Git-workspace\Aimir3.6_updated-workspace\aimir-fep\target\classes\config\fmp_spring.properties]
2017-11-03 13:47:36,925 DEBUG [com.aimir.fep.util.FMPProperty.<clinit>(FMPProperty.java:60)]  - isAimirWeb = false
2017-11-03 13:47:36,926 DEBUG [com.aimir.fep.protocol.fmp.processor.KafkaProducer.main(KafkaProducer.java:41)]  - @@@kafkaProducer main start ~~~ : [[Ljava.lang.String;@1ae369b7]
2017-11-03 13:47:37,648 INFO  [org.springframework.boot.StartupInfoLogger.logStarting(StartupInfoLogger.java:48)]  - Starting KafkaProducer on ASK with PID 18524 (D:\Git-workspace\Aimir3.6_updated-workspace\aimir-fep\target\classes started by lovew in D:\Git-workspace\Aimir3.6_updated-workspace\aimir-fep)
2017-11-03 13:47:37,650 DEBUG [org.springframework.boot.StartupInfoLogger.logStarting(StartupInfoLogger.java:51)]  - Running with Spring Boot v1.5.4.RELEASE, Spring v4.3.9.RELEASE
2017-11-03 13:47:37,651 INFO  [org.springframework.boot.SpringApplication.logStartupProfileInfo(SpringApplication.java:593)]  - No active profile set, falling back to default profiles: default
2017-11-03 13:47:38,005 INFO  [org.springframework.boot.StartupInfoLogger.logStarted(StartupInfoLogger.java:57)]  - Started KafkaProducer in 0.896 seconds (JVM running for 1.908)
2017-11-10 10:32:48,946 INFO  [com.aimir.fep.iot.jsonParsing.jsonParsing.getResourceType(jsonParsing.java:29)]  - ###Resource Message Type : [1]
2017-11-10 10:32:48,960 INFO  [com.aimir.fep.iot.jsonParsing.jsonParsing.getResourceType(jsonParsing.java:32)]  - ###Resource resourceType : [ACCESS_CONTROL_POLICY]
2017-11-10 10:36:29,410 INFO  [com.aimir.fep.iot.jsonParsing.jsonParsing.getResourceType(jsonParsing.java:29)]  - ###Resource Message Type : [4]
2017-11-10 10:36:29,422 INFO  [com.aimir.fep.iot.jsonParsing.jsonParsing.getResourceType(jsonParsing.java:32)]  - ###Resource resourceType : [CONTENT_INSTANCE]
2017-11-10 10:40:02,855 INFO  [com.aimir.fep.iot.jsonParsing.jsonParsing.getResourceType(jsonParsing.java:29)]  - ###Resource Message Type : [4]
2017-11-10 10:40:02,867 INFO  [com.aimir.fep.iot.jsonParsing.jsonParsing.getResourceType(jsonParsing.java:34)]  - ###Resource resourceType : [CONTENT_INSTANCE]
2017-11-10 10:40:29,471 INFO  [com.aimir.fep.iot.jsonParsing.jsonParsing.getResourceType(jsonParsing.java:29)]  - ###Resource Message Type : [4]
2017-11-10 10:40:29,485 INFO  [com.aimir.fep.iot.jsonParsing.jsonParsing.getResourceType(jsonParsing.java:34)]  - ###Resource resourceType : [CONTENT_INSTANCE]
2017-11-10 10:41:45,044 INFO  [com.aimir.fep.iot.jsonParsing.jsonParsing.getResourceType(jsonParsing.java:29)]  - ###Resource Message Type : [4]
2017-11-10 10:41:45,056 INFO  [com.aimir.fep.iot.jsonParsing.jsonParsing.getResourceType(jsonParsing.java:34)]  - ###Resource resourceType : [CONTENT_INSTANCE]
2017-11-10 11:18:34,796 INFO  [com.aimir.fep.iot.jsonParsing.jsonParsing.getResourceType(jsonParsing.java:40)]  - ###Resource Message Type : [4]
2017-11-10 11:20:11,520 INFO  [com.aimir.fep.iot.jsonParsing.jsonParsing.getResourceType(jsonParsing.java:40)]  - ###Resource Message Type : [4]
2017-11-10 11:20:28,175 INFO  [com.aimir.fep.iot.jsonParsing.jsonParsing.getResourceType(jsonParsing.java:40)]  - ###Resource Message Type : [4]
2017-11-10 11:20:28,189 INFO  [com.aimir.fep.iot.jsonParsing.jsonParsing.getResourceType(jsonParsing.java:43)]  - ###Resource Message obj : [null]
2017-11-10 13:40:19,628 INFO  [com.aimir.fep.iot.jsonParsing.jsonParsing.getResourceType(jsonParsing.java:41)]  - ###Resource Message Type : [4]
2017-11-10 13:40:19,642 INFO  [com.aimir.fep.iot.jsonParsing.jsonParsing.getResourceString(jsonParsing.java:75)]  - ###Resource CONTENT_INSTANCE
2017-11-10 13:40:19,643 INFO  [com.aimir.fep.iot.jsonParsing.jsonParsing.getResourceType(jsonParsing.java:44)]  - ###Resource Message obj : [null]
2017-11-13 15:12:31,752 INFO  [com.aimir.fep.iot.jsonParsing.jsonParsing.getResourceType(jsonParsing.java:41)]  - ###Resource Message Type : [4]
2017-11-13 15:12:31,761 INFO  [com.aimir.fep.iot.jsonParsing.jsonParsing.getResourceType(jsonParsing.java:44)]  - ###Resource Message obj : [null]
2017-11-13 15:12:31,761 INFO  [com.aimir.fep.iot.jsonParsing.jsonParsing.getResourceType(jsonParsing.java:47)]  - ###creationTime yyyymmdd : 20171-
2017-11-13 15:12:31,762 INFO  [com.aimir.fep.iot.jsonParsing.jsonParsing.getResourceType(jsonParsing.java:48)]  - ###creationTime hhmmss : 31:
2017-11-13 15:13:02,545 INFO  [com.aimir.fep.iot.jsonParsing.jsonParsing.getResourceType(jsonParsing.java:41)]  - ###Resource Message Type : [4]
2017-11-13 15:13:02,552 INFO  [com.aimir.fep.iot.jsonParsing.jsonParsing.getResourceType(jsonParsing.java:44)]  - ###Resource Message obj : [null]
2017-11-13 15:13:02,553 INFO  [com.aimir.fep.iot.jsonParsing.jsonParsing.getResourceType(jsonParsing.java:47)]  - ###creationTime yyyymmdd : 2017-1
2017-11-13 15:13:02,553 INFO  [com.aimir.fep.iot.jsonParsing.jsonParsing.getResourceType(jsonParsing.java:48)]  - ###creationTime hhmmss : 31:
2017-11-13 15:13:57,253 INFO  [com.aimir.fep.iot.jsonParsing.jsonParsing.getResourceType(jsonParsing.java:41)]  - ###Resource Message Type : [4]
2017-11-13 15:13:57,261 INFO  [com.aimir.fep.iot.jsonParsing.jsonParsing.getResourceType(jsonParsing.java:44)]  - ###Resource Message obj : [null]
2017-11-13 15:13:57,262 INFO  [com.aimir.fep.iot.jsonParsing.jsonParsing.getResourceType(jsonParsing.java:47)]  - ###creationTime yyyymmdd : 20171
2017-11-13 15:13:57,262 INFO  [com.aimir.fep.iot.jsonParsing.jsonParsing.getResourceType(jsonParsing.java:48)]  - ###creationTime hhmmss : 31:
2017-11-13 15:14:14,174 INFO  [com.aimir.fep.iot.jsonParsing.jsonParsing.getResourceType(jsonParsing.java:41)]  - ###Resource Message Type : [4]
2017-11-13 15:14:14,182 INFO  [com.aimir.fep.iot.jsonParsing.jsonParsing.getResourceType(jsonParsing.java:44)]  - ###Resource Message obj : [null]
2017-11-13 15:14:14,183 INFO  [com.aimir.fep.iot.jsonParsing.jsonParsing.getResourceType(jsonParsing.java:47)]  - ###creationTime yyyymmdd : 20171
2017-11-13 15:14:14,183 INFO  [com.aimir.fep.iot.jsonParsing.jsonParsing.getResourceType(jsonParsing.java:48)]  - ###creationTime hhmmss : 31:5
2017-11-13 15:14:28,419 INFO  [com.aimir.fep.iot.jsonParsing.jsonParsing.getResourceType(jsonParsing.java:41)]  - ###Resource Message Type : [4]
2017-11-13 15:14:28,429 INFO  [com.aimir.fep.iot.jsonParsing.jsonParsing.getResourceType(jsonParsing.java:44)]  - ###Resource Message obj : [null]
2017-11-13 15:14:28,429 INFO  [com.aimir.fep.iot.jsonParsing.jsonParsing.getResourceType(jsonParsing.java:47)]  - ###creationTime yyyymmdd : 201711
2017-11-13 15:14:28,430 INFO  [com.aimir.fep.iot.jsonParsing.jsonParsing.getResourceType(jsonParsing.java:48)]  - ###creationTime hhmmss : 31:5
2017-11-13 15:15:23,661 INFO  [com.aimir.fep.iot.jsonParsing.jsonParsing.getResourceType(jsonParsing.java:41)]  - ###Resource Message Type : [4]
2017-11-13 15:15:23,669 INFO  [com.aimir.fep.iot.jsonParsing.jsonParsing.getResourceType(jsonParsing.java:44)]  - ###Resource Message obj : [null]
2017-11-13 15:15:23,670 INFO  [com.aimir.fep.iot.jsonParsing.jsonParsing.getResourceType(jsonParsing.java:47)]  - ###creationTime yyyymmdd : 20171113
2017-11-13 15:15:23,670 INFO  [com.aimir.fep.iot.jsonParsing.jsonParsing.getResourceType(jsonParsing.java:48)]  - ###creationTime hhmmss : 3:9:9+
2017-11-13 15:15:58,205 INFO  [com.aimir.fep.iot.jsonParsing.jsonParsing.getResourceType(jsonParsing.java:41)]  - ###Resource Message Type : [4]
2017-11-13 15:15:58,213 INFO  [com.aimir.fep.iot.jsonParsing.jsonParsing.getResourceType(jsonParsing.java:44)]  - ###Resource Message obj : [null]
2017-11-13 15:15:58,214 INFO  [com.aimir.fep.iot.jsonParsing.jsonParsing.getResourceType(jsonParsing.java:47)]  - ###creationTime yyyymmdd : 20171113
2017-11-13 15:15:58,214 INFO  [com.aimir.fep.iot.jsonParsing.jsonParsing.getResourceType(jsonParsing.java:48)]  - ###creationTime hhmmss : 135959
2017-11-29 09:47:09,536 INFO  [com.aimir.fep.iot.dateTest.dateTest.getResourceType(dateTest.java:43)]  - ###currentTime yyyyMMddHHmmss : 
2017-11-29 09:50:08,787 INFO  [com.aimir.fep.iot.dateTest.dateTest.getResourceType(dateTest.java:42)]  - ###currentTime yyyyMMddHHmmss : 20171129095008
2017-11-29 10:29:03,686 INFO  [com.aimir.fep.iot.dateTest.dateTest.getResourceType(dateTest.java:44)]  - ###currentTime yyyyMMddHHmmss : 20171129102903
2017-11-29 10:29:03,694 INFO  [com.aimir.fep.iot.dateTest.dateTest.getResourceType(dateTest.java:46)]  - ###yyyymmdd : 20171-
2017-11-29 10:29:03,694 INFO  [com.aimir.fep.iot.dateTest.dateTest.getResourceType(dateTest.java:47)]  - ###HHmmss : 920
2017-11-29 10:30:32,383 INFO  [com.aimir.fep.iot.dateTest.dateTest.getResourceType(dateTest.java:44)]  - ###currentTime yyyyMMddHHmmss : 20171129103032
2017-11-29 10:30:32,391 INFO  [com.aimir.fep.iot.dateTest.dateTest.getResourceType(dateTest.java:46)]  - ###yyyymmdd : 20171129
2017-11-29 10:30:32,391 INFO  [com.aimir.fep.iot.dateTest.dateTest.getResourceType(dateTest.java:47)]  - ###HHmmss : 2:1
2017-11-29 10:31:11,527 INFO  [com.aimir.fep.iot.dateTest.dateTest.getResourceType(dateTest.java:44)]  - ###currentTime yyyyMMddHHmmss : 20171129103111
2017-11-29 10:31:11,534 INFO  [com.aimir.fep.iot.dateTest.dateTest.getResourceType(dateTest.java:46)]  - ###yyyymmdd : 20171129
2017-11-29 10:31:11,535 INFO  [com.aimir.fep.iot.dateTest.dateTest.getResourceType(dateTest.java:47)]  - ###HHmmss : 200100
2017-11-29 15:05:03,060 INFO  [com.aimir.fep.iot.dateTest.dateTest.getResourceType(dateTest.java:48)]  - ###tm : 20171128T21:40:2705:00
2017-11-29 15:05:03,069 INFO  [com.aimir.fep.iot.dateTest.dateTest.getResourceType(dateTest.java:50)]  - ###currentTime yyyyMMddHHmmss : 20171129150503
2017-11-29 15:05:03,069 INFO  [com.aimir.fep.iot.dateTest.dateTest.getResourceType(dateTest.java:52)]  - ###yyyymmdd : 20171128
2017-11-29 15:05:03,070 INFO  [com.aimir.fep.iot.dateTest.dateTest.getResourceType(dateTest.java:53)]  - ###HHmmss : 214027
2017-11-29 15:05:53,285 INFO  [com.aimir.fep.iot.dateTest.dateTest.getResourceType(dateTest.java:48)]  - ###tm : 201711282140270500
2017-11-29 15:05:53,292 INFO  [com.aimir.fep.iot.dateTest.dateTest.getResourceType(dateTest.java:50)]  - ###currentTime yyyyMMddHHmmss : 20171129150553
2017-11-29 15:05:53,293 INFO  [com.aimir.fep.iot.dateTest.dateTest.getResourceType(dateTest.java:52)]  - ###yyyymmdd : 20171128
2017-11-29 15:05:53,294 INFO  [com.aimir.fep.iot.dateTest.dateTest.getResourceType(dateTest.java:53)]  - ###HHmmss : 214027
2017-11-29 15:07:04,283 INFO  [com.aimir.fep.iot.dateTest.dateTest.getResourceType(dateTest.java:49)]  - ###tm : 20171128214027
2017-11-29 15:07:04,292 INFO  [com.aimir.fep.iot.dateTest.dateTest.getResourceType(dateTest.java:51)]  - ###currentTime yyyyMMddHHmmss : 20171129150704
2017-11-29 15:07:04,293 INFO  [com.aimir.fep.iot.dateTest.dateTest.getResourceType(dateTest.java:53)]  - ###yyyymmdd : 20171128
2017-11-29 15:07:04,293 INFO  [com.aimir.fep.iot.dateTest.dateTest.getResourceType(dateTest.java:54)]  - ###HHmmss : 214027
